Started GET "/" for 127.0.0.1 at 2018-03-14 01:09:31 +0900
Processing by ApplicationController#hello as HTML
  Rendering html template
  Rendered html template (0.2ms)
Completed 200 OK in 511ms (Views: 66.5ms)


Started GET "/" for 127.0.0.1 at 2018-03-14 01:13:07 +0900
Processing by ApplicationController#hello as HTML
  Rendering html template
  Rendered html template (0.1ms)
Completed 200 OK in 532ms (Views: 42.1ms)


Started GET "/" for 127.0.0.1 at 2018-03-14 14:19:39 +0900
  
ActiveRecord::PendingMigrationError (

Migrations are pending. To resolve this issue, run:

        bin/rails db:migrate RAILS_ENV=development

):
  
vendor/bundle/ruby/2.3.0/gems/activerecord-5.1.4/lib/active_record/migration.rb:576:in `check_pending!'
vendor/bundle/ruby/2.3.0/gems/activerecord-5.1.4/lib/active_record/migration.rb:553:in `call'
vendor/bundle/ruby/2.3.0/gems/actionpack-5.1.4/lib/action_dispatch/middleware/callbacks.rb:26:in `block in call'
vendor/bundle/ruby/2.3.0/gems/activesupport-5.1.4/lib/active_support/callbacks.rb:97:in `run_callbacks'
vendor/bundle/ruby/2.3.0/gems/actionpack-5.1.4/lib/action_dispatch/middleware/callbacks.rb:24:in `call'
vendor/bundle/ruby/2.3.0/gems/actionpack-5.1.4/lib/action_dispatch/middleware/executor.rb:12:in `call'
vendor/bundle/ruby/2.3.0/gems/actionpack-5.1.4/lib/action_dispatch/middleware/debug_exceptions.rb:59:in `call'
vendor/bundle/ruby/2.3.0/gems/web-console-3.5.1/lib/web_console/middleware.rb:135:in `call_app'
vendor/bundle/ruby/2.3.0/gems/web-console-3.5.1/lib/web_console/middleware.rb:28:in `block in call'
vendor/bundle/ruby/2.3.0/gems/web-console-3.5.1/lib/web_console/middleware.rb:18:in `catch'
vendor/bundle/ruby/2.3.0/gems/web-console-3.5.1/lib/web_console/middleware.rb:18:in `call'
vendor/bundle/ruby/2.3.0/gems/actionpack-5.1.4/lib/action_dispatch/middleware/show_exceptions.rb:31:in `call'
vendor/bundle/ruby/2.3.0/gems/railties-5.1.4/lib/rails/rack/logger.rb:36:in `call_app'
vendor/bundle/ruby/2.3.0/gems/railties-5.1.4/lib/rails/rack/logger.rb:24:in `block in call'
vendor/bundle/ruby/2.3.0/gems/activesupport-5.1.4/lib/active_support/tagged_logging.rb:69:in `block in tagged'
vendor/bundle/ruby/2.3.0/gems/activesupport-5.1.4/lib/active_support/tagged_logging.rb:26:in `tagged'
vendor/bundle/ruby/2.3.0/gems/activesupport-5.1.4/lib/active_support/tagged_logging.rb:69:in `tagged'
vendor/bundle/ruby/2.3.0/gems/railties-5.1.4/lib/rails/rack/logger.rb:24:in `call'
vendor/bundle/ruby/2.3.0/gems/sprockets-rails-3.2.1/lib/sprockets/rails/quiet_assets.rb:13:in `call'
vendor/bundle/ruby/2.3.0/gems/actionpack-5.1.4/lib/action_dispatch/middleware/remote_ip.rb:79:in `call'
vendor/bundle/ruby/2.3.0/gems/actionpack-5.1.4/lib/action_dispatch/middleware/request_id.rb:25:in `call'
vendor/bundle/ruby/2.3.0/gems/rack-2.0.4/lib/rack/method_override.rb:22:in `call'
vendor/bundle/ruby/2.3.0/gems/rack-2.0.4/lib/rack/runtime.rb:22:in `call'
vendor/bundle/ruby/2.3.0/gems/activesupport-5.1.4/lib/active_support/cache/strategy/local_cache_middleware.rb:27:in `call'
vendor/bundle/ruby/2.3.0/gems/actionpack-5.1.4/lib/action_dispatch/middleware/executor.rb:12:in `call'
vendor/bundle/ruby/2.3.0/gems/actionpack-5.1.4/lib/action_dispatch/middleware/static.rb:125:in `call'
vendor/bundle/ruby/2.3.0/gems/rack-2.0.4/lib/rack/sendfile.rb:111:in `call'
vendor/bundle/ruby/2.3.0/gems/railties-5.1.4/lib/rails/engine.rb:522:in `call'
vendor/bundle/ruby/2.3.0/gems/puma-3.9.1/lib/puma/configuration.rb:224:in `call'
vendor/bundle/ruby/2.3.0/gems/puma-3.9.1/lib/puma/server.rb:602:in `handle_request'
vendor/bundle/ruby/2.3.0/gems/puma-3.9.1/lib/puma/server.rb:435:in `process_client'
vendor/bundle/ruby/2.3.0/gems/puma-3.9.1/lib/puma/server.rb:299:in `block in run'
vendor/bundle/ruby/2.3.0/gems/puma-3.9.1/lib/puma/thread_pool.rb:120:in `block in spawn_thread'
Started GET "/" for 127.0.0.1 at 2018-03-14 14:20:10 +0900
  
ActiveRecord::PendingMigrationError (

Migrations are pending. To resolve this issue, run:

        bin/rails db:migrate RAILS_ENV=development

):
  
vendor/bundle/ruby/2.3.0/gems/activerecord-5.1.4/lib/active_record/migration.rb:576:in `check_pending!'
vendor/bundle/ruby/2.3.0/gems/activerecord-5.1.4/lib/active_record/migration.rb:553:in `call'
vendor/bundle/ruby/2.3.0/gems/actionpack-5.1.4/lib/action_dispatch/middleware/callbacks.rb:26:in `block in call'
vendor/bundle/ruby/2.3.0/gems/activesupport-5.1.4/lib/active_support/callbacks.rb:97:in `run_callbacks'
vendor/bundle/ruby/2.3.0/gems/actionpack-5.1.4/lib/action_dispatch/middleware/callbacks.rb:24:in `call'
vendor/bundle/ruby/2.3.0/gems/actionpack-5.1.4/lib/action_dispatch/middleware/executor.rb:12:in `call'
vendor/bundle/ruby/2.3.0/gems/actionpack-5.1.4/lib/action_dispatch/middleware/debug_exceptions.rb:59:in `call'
vendor/bundle/ruby/2.3.0/gems/web-console-3.5.1/lib/web_console/middleware.rb:135:in `call_app'
vendor/bundle/ruby/2.3.0/gems/web-console-3.5.1/lib/web_console/middleware.rb:28:in `block in call'
vendor/bundle/ruby/2.3.0/gems/web-console-3.5.1/lib/web_console/middleware.rb:18:in `catch'
vendor/bundle/ruby/2.3.0/gems/web-console-3.5.1/lib/web_console/middleware.rb:18:in `call'
vendor/bundle/ruby/2.3.0/gems/actionpack-5.1.4/lib/action_dispatch/middleware/show_exceptions.rb:31:in `call'
vendor/bundle/ruby/2.3.0/gems/railties-5.1.4/lib/rails/rack/logger.rb:36:in `call_app'
vendor/bundle/ruby/2.3.0/gems/railties-5.1.4/lib/rails/rack/logger.rb:24:in `block in call'
vendor/bundle/ruby/2.3.0/gems/activesupport-5.1.4/lib/active_support/tagged_logging.rb:69:in `block in tagged'
vendor/bundle/ruby/2.3.0/gems/activesupport-5.1.4/lib/active_support/tagged_logging.rb:26:in `tagged'
vendor/bundle/ruby/2.3.0/gems/activesupport-5.1.4/lib/active_support/tagged_logging.rb:69:in `tagged'
vendor/bundle/ruby/2.3.0/gems/railties-5.1.4/lib/rails/rack/logger.rb:24:in `call'
vendor/bundle/ruby/2.3.0/gems/sprockets-rails-3.2.1/lib/sprockets/rails/quiet_assets.rb:13:in `call'
vendor/bundle/ruby/2.3.0/gems/actionpack-5.1.4/lib/action_dispatch/middleware/remote_ip.rb:79:in `call'
vendor/bundle/ruby/2.3.0/gems/actionpack-5.1.4/lib/action_dispatch/middleware/request_id.rb:25:in `call'
vendor/bundle/ruby/2.3.0/gems/rack-2.0.4/lib/rack/method_override.rb:22:in `call'
vendor/bundle/ruby/2.3.0/gems/rack-2.0.4/lib/rack/runtime.rb:22:in `call'
vendor/bundle/ruby/2.3.0/gems/activesupport-5.1.4/lib/active_support/cache/strategy/local_cache_middleware.rb:27:in `call'
vendor/bundle/ruby/2.3.0/gems/actionpack-5.1.4/lib/action_dispatch/middleware/executor.rb:12:in `call'
vendor/bundle/ruby/2.3.0/gems/actionpack-5.1.4/lib/action_dispatch/middleware/static.rb:125:in `call'
vendor/bundle/ruby/2.3.0/gems/rack-2.0.4/lib/rack/sendfile.rb:111:in `call'
vendor/bundle/ruby/2.3.0/gems/railties-5.1.4/lib/rails/engine.rb:522:in `call'
vendor/bundle/ruby/2.3.0/gems/puma-3.9.1/lib/puma/configuration.rb:224:in `call'
vendor/bundle/ruby/2.3.0/gems/puma-3.9.1/lib/puma/server.rb:602:in `handle_request'
vendor/bundle/ruby/2.3.0/gems/puma-3.9.1/lib/puma/server.rb:435:in `process_client'
vendor/bundle/ruby/2.3.0/gems/puma-3.9.1/lib/puma/server.rb:299:in `block in run'
vendor/bundle/ruby/2.3.0/gems/puma-3.9.1/lib/puma/thread_pool.rb:120:in `block in spawn_thread'
  [1m[35m (32.7ms)[0m  [1m[34mSELECT sqlite_version(*)[0m
  [1m[35m (121.4ms)[0m  [1m[35mCREATE TABLE "schema_migrations" ("version" varchar NOT NULL PRIMARY KEY)[0m
  [1m[35m (4.1ms)[0m  [1m[35mCREATE TABLE "ar_internal_metadata" ("key" varchar NOT NULL PRIMARY KEY, "value" varchar, "created_at" datetime NOT NULL, "updated_at" datetime NOT NULL)[0m
  [1m[35m (0.2ms)[0m  [1m[34mSELECT "schema_migrations"."version" FROM "schema_migrations" ORDER BY "schema_migrations"."version" ASC[0m
Migrating to CreateUsers (20180314051210)
  [1m[35m (0.1ms)[0m  [1m[36mbegin transaction[0m
  [1m[35m (20.9ms)[0m  [1m[35mCREATE TABLE "users" ("id" INTEGER PRIMARY KEY AUTOINCREMENT NOT NULL, "name" varchar, "email" varchar, "created_at" datetime NOT NULL, "updated_at" datetime NOT NULL)[0m
  [1m[35mSQL (0.3ms)[0m  [1m[32mINSERT INTO "schema_migrations" ("version") VALUES (?)[0m  [["version", "20180314051210"]]
  [1m[35m (99.6ms)[0m  [1m[36mcommit transaction[0m
  [1m[36mActiveRecord::InternalMetadata Load (0.3ms)[0m  [1m[34mSELECT  "ar_internal_metadata".* FROM "ar_internal_metadata" WHERE "ar_internal_metadata"."key" = ? LIMIT ?[0m  [["key", "environment"], ["LIMIT", 1]]
  [1m[35m (0.1ms)[0m  [1m[36mbegin transaction[0m
  [1m[35mSQL (11.8ms)[0m  [1m[32mINSERT INTO "ar_internal_metadata" ("key", "value", "created_at", "updated_at") VALUES (?, ?, ?, ?)[0m  [["key", "environment"], ["value", "development"], ["created_at", "2018-03-14 05:20:57.746387"], ["updated_at", "2018-03-14 05:20:57.746387"]]
  [1m[35m (38.9ms)[0m  [1m[36mcommit transaction[0m
  [1m[35m (0.3ms)[0m  [1m[34mSELECT "schema_migrations"."version" FROM "schema_migrations" ORDER BY "schema_migrations"."version" ASC[0m
Started GET "/" for 127.0.0.1 at 2018-03-14 14:29:05 +0900
  [1m[35m (0.2ms)[0m  [1m[34mSELECT "schema_migrations"."version" FROM "schema_migrations" ORDER BY "schema_migrations"."version" ASC[0m
  
ActionController::RoutingError (uninitialized constant UserController):
  
vendor/bundle/ruby/2.3.0/gems/activesupport-5.1.4/lib/active_support/inflector/methods.rb:269:in `const_get'
vendor/bundle/ruby/2.3.0/gems/activesupport-5.1.4/lib/active_support/inflector/methods.rb:269:in `block in constantize'
vendor/bundle/ruby/2.3.0/gems/activesupport-5.1.4/lib/active_support/inflector/methods.rb:267:in `each'
vendor/bundle/ruby/2.3.0/gems/activesupport-5.1.4/lib/active_support/inflector/methods.rb:267:in `inject'
vendor/bundle/ruby/2.3.0/gems/activesupport-5.1.4/lib/active_support/inflector/methods.rb:267:in `constantize'
vendor/bundle/ruby/2.3.0/gems/actionpack-5.1.4/lib/action_dispatch/http/request.rb:85:in `controller_class_for'
vendor/bundle/ruby/2.3.0/gems/actionpack-5.1.4/lib/action_dispatch/http/request.rb:78:in `controller_class'
vendor/bundle/ruby/2.3.0/gems/actionpack-5.1.4/lib/action_dispatch/routing/route_set.rb:43:in `controller'
vendor/bundle/ruby/2.3.0/gems/actionpack-5.1.4/lib/action_dispatch/routing/route_set.rb:29:in `serve'
vendor/bundle/ruby/2.3.0/gems/actionpack-5.1.4/lib/action_dispatch/journey/router.rb:50:in `block in serve'
vendor/bundle/ruby/2.3.0/gems/actionpack-5.1.4/lib/action_dispatch/journey/router.rb:33:in `each'
vendor/bundle/ruby/2.3.0/gems/actionpack-5.1.4/lib/action_dispatch/journey/router.rb:33:in `serve'
vendor/bundle/ruby/2.3.0/gems/actionpack-5.1.4/lib/action_dispatch/routing/route_set.rb:834:in `call'
vendor/bundle/ruby/2.3.0/gems/rack-2.0.4/lib/rack/etag.rb:25:in `call'
vendor/bundle/ruby/2.3.0/gems/rack-2.0.4/lib/rack/conditional_get.rb:25:in `call'
vendor/bundle/ruby/2.3.0/gems/rack-2.0.4/lib/rack/head.rb:12:in `call'
vendor/bundle/ruby/2.3.0/gems/rack-2.0.4/lib/rack/session/abstract/id.rb:232:in `context'
vendor/bundle/ruby/2.3.0/gems/rack-2.0.4/lib/rack/session/abstract/id.rb:226:in `call'
vendor/bundle/ruby/2.3.0/gems/actionpack-5.1.4/lib/action_dispatch/middleware/cookies.rb:613:in `call'
vendor/bundle/ruby/2.3.0/gems/activerecord-5.1.4/lib/active_record/migration.rb:556:in `call'
vendor/bundle/ruby/2.3.0/gems/actionpack-5.1.4/lib/action_dispatch/middleware/callbacks.rb:26:in `block in call'
vendor/bundle/ruby/2.3.0/gems/activesupport-5.1.4/lib/active_support/callbacks.rb:97:in `run_callbacks'
vendor/bundle/ruby/2.3.0/gems/actionpack-5.1.4/lib/action_dispatch/middleware/callbacks.rb:24:in `call'
vendor/bundle/ruby/2.3.0/gems/actionpack-5.1.4/lib/action_dispatch/middleware/executor.rb:12:in `call'
vendor/bundle/ruby/2.3.0/gems/actionpack-5.1.4/lib/action_dispatch/middleware/debug_exceptions.rb:59:in `call'
vendor/bundle/ruby/2.3.0/gems/web-console-3.5.1/lib/web_console/middleware.rb:135:in `call_app'
vendor/bundle/ruby/2.3.0/gems/web-console-3.5.1/lib/web_console/middleware.rb:28:in `block in call'
vendor/bundle/ruby/2.3.0/gems/web-console-3.5.1/lib/web_console/middleware.rb:18:in `catch'
vendor/bundle/ruby/2.3.0/gems/web-console-3.5.1/lib/web_console/middleware.rb:18:in `call'
vendor/bundle/ruby/2.3.0/gems/actionpack-5.1.4/lib/action_dispatch/middleware/show_exceptions.rb:31:in `call'
vendor/bundle/ruby/2.3.0/gems/railties-5.1.4/lib/rails/rack/logger.rb:36:in `call_app'
vendor/bundle/ruby/2.3.0/gems/railties-5.1.4/lib/rails/rack/logger.rb:24:in `block in call'
vendor/bundle/ruby/2.3.0/gems/activesupport-5.1.4/lib/active_support/tagged_logging.rb:69:in `block in tagged'
vendor/bundle/ruby/2.3.0/gems/activesupport-5.1.4/lib/active_support/tagged_logging.rb:26:in `tagged'
vendor/bundle/ruby/2.3.0/gems/activesupport-5.1.4/lib/active_support/tagged_logging.rb:69:in `tagged'
vendor/bundle/ruby/2.3.0/gems/railties-5.1.4/lib/rails/rack/logger.rb:24:in `call'
vendor/bundle/ruby/2.3.0/gems/sprockets-rails-3.2.1/lib/sprockets/rails/quiet_assets.rb:13:in `call'
vendor/bundle/ruby/2.3.0/gems/actionpack-5.1.4/lib/action_dispatch/middleware/remote_ip.rb:79:in `call'
vendor/bundle/ruby/2.3.0/gems/actionpack-5.1.4/lib/action_dispatch/middleware/request_id.rb:25:in `call'
vendor/bundle/ruby/2.3.0/gems/rack-2.0.4/lib/rack/method_override.rb:22:in `call'
vendor/bundle/ruby/2.3.0/gems/rack-2.0.4/lib/rack/runtime.rb:22:in `call'
vendor/bundle/ruby/2.3.0/gems/activesupport-5.1.4/lib/active_support/cache/strategy/local_cache_middleware.rb:27:in `call'
vendor/bundle/ruby/2.3.0/gems/actionpack-5.1.4/lib/action_dispatch/middleware/executor.rb:12:in `call'
vendor/bundle/ruby/2.3.0/gems/actionpack-5.1.4/lib/action_dispatch/middleware/static.rb:125:in `call'
vendor/bundle/ruby/2.3.0/gems/rack-2.0.4/lib/rack/sendfile.rb:111:in `call'
vendor/bundle/ruby/2.3.0/gems/railties-5.1.4/lib/rails/engine.rb:522:in `call'
vendor/bundle/ruby/2.3.0/gems/puma-3.9.1/lib/puma/configuration.rb:224:in `call'
vendor/bundle/ruby/2.3.0/gems/puma-3.9.1/lib/puma/server.rb:602:in `handle_request'
vendor/bundle/ruby/2.3.0/gems/puma-3.9.1/lib/puma/server.rb:435:in `process_client'
vendor/bundle/ruby/2.3.0/gems/puma-3.9.1/lib/puma/server.rb:299:in `block in run'
vendor/bundle/ruby/2.3.0/gems/puma-3.9.1/lib/puma/thread_pool.rb:120:in `block in spawn_thread'
Started GET "/" for 127.0.0.1 at 2018-03-14 14:29:31 +0900
Processing by UsersController#index as HTML
  Rendering users/index.html.erb within layouts/application
  [1m[36mUser Load (0.2ms)[0m  [1m[34mSELECT "users".* FROM "users"[0m
  Rendered users/index.html.erb within layouts/application (5.2ms)
Completed 200 OK in 4085ms (Views: 4052.7ms | ActiveRecord: 0.9ms)


Started GET "/users/new" for 127.0.0.1 at 2018-03-14 14:30:10 +0900
Processing by UsersController#new as HTML
  Rendering users/new.html.erb within layouts/application
  Rendered users/_form.html.erb (83.9ms)
  Rendered users/new.html.erb within layouts/application (88.8ms)
Completed 200 OK in 193ms (Views: 142.6ms | ActiveRecord: 1.0ms)


Started POST "/users" for 127.0.0.1 at 2018-03-14 14:30:21 +0900
Processing by UsersController#create as HTML
  Parameters: {"utf8"=>"✓", "authenticity_token"=>"4vzdxtNCo+3Xg0UTwqWVCIeHZdBHedRASR/O3eZslkjBE2isFe8BGnps8H1QAWEVEB+tbz5ksQVPl8T3maOSTQ==", "user"=>{"name"=>"Keisuke Tsukamoto", "email"=>"test@test.keisuke"}, "commit"=>"Create User"}
  [1m[35m (0.1ms)[0m  [1m[36mbegin transaction[0m
  [1m[35mSQL (18.6ms)[0m  [1m[32mINSERT INTO "users" ("name", "email", "created_at", "updated_at") VALUES (?, ?, ?, ?)[0m  [["name", "Keisuke Tsukamoto"], ["email", "test@test.keisuke"], ["created_at", "2018-03-14 05:30:21.190182"], ["updated_at", "2018-03-14 05:30:21.190182"]]
  [1m[35m (3.0ms)[0m  [1m[36mcommit transaction[0m
Redirected to http://localhost:3000/users/1
Completed 302 Found in 28ms (ActiveRecord: 21.7ms)


Started GET "/users/1" for 127.0.0.1 at 2018-03-14 14:30:21 +0900
Processing by UsersController#show as HTML
  Parameters: {"id"=>"1"}
  [1m[36mUser Load (0.5ms)[0m  [1m[34mSELECT  "users".* FROM "users" WHERE "users"."id" = ? LIMIT ?[0m  [["id", 1], ["LIMIT", 1]]
  Rendering users/show.html.erb within layouts/application
  Rendered users/show.html.erb within layouts/application (3.5ms)
Completed 200 OK in 109ms (Views: 65.2ms | ActiveRecord: 0.5ms)


Started GET "/users/1" for 127.0.0.1 at 2018-03-14 14:34:41 +0900
Processing by UsersController#show as HTML
  Parameters: {"id"=>"1"}
  [1m[36mUser Load (0.2ms)[0m  [1m[34mSELECT  "users".* FROM "users" WHERE "users"."id" = ? LIMIT ?[0m  [["id", 1], ["LIMIT", 1]]
  Rendering users/show.html.erb within layouts/application
  Rendered users/show.html.erb within layouts/application (3.6ms)
Completed 200 OK in 177ms (Views: 135.7ms | ActiveRecord: 0.2ms)


Started GET "/users/1/edit" for 127.0.0.1 at 2018-03-14 14:34:44 +0900
Processing by UsersController#edit as HTML
  Parameters: {"id"=>"1"}
  [1m[36mUser Load (0.3ms)[0m  [1m[34mSELECT  "users".* FROM "users" WHERE "users"."id" = ? LIMIT ?[0m  [["id", 1], ["LIMIT", 1]]
  Rendering users/edit.html.erb within layouts/application
  Rendered users/_form.html.erb (3.1ms)
  Rendered users/edit.html.erb within layouts/application (7.4ms)
Completed 200 OK in 123ms (Views: 50.2ms | ActiveRecord: 0.3ms)


Started GET "/users" for 127.0.0.1 at 2018-03-14 14:34:48 +0900
Processing by UsersController#index as HTML
  Rendering users/index.html.erb within layouts/application
  [1m[36mUser Load (0.2ms)[0m  [1m[34mSELECT "users".* FROM "users"[0m
  Rendered users/index.html.erb within layouts/application (2.6ms)
Completed 200 OK in 106ms (Views: 37.9ms | ActiveRecord: 0.2ms)


Started GET "/users/new" for 127.0.0.1 at 2018-03-14 14:34:50 +0900
Processing by UsersController#new as HTML
  Rendering users/new.html.erb within layouts/application
  Rendered users/_form.html.erb (6.1ms)
  Rendered users/new.html.erb within layouts/application (14.3ms)
Completed 200 OK in 81ms (Views: 73.7ms | ActiveRecord: 0.0ms)


Started POST "/users" for 127.0.0.1 at 2018-03-14 14:35:09 +0900
Processing by UsersController#create as HTML
  Parameters: {"utf8"=>"✓", "authenticity_token"=>"iJeClIST1qOVwF66gdJeZ0Q7hQ6jGqfrF9zxA6qNJd2reDf+Qj50VDgv69QTdqp606NNsdoHwq4RVPsp1UIh2A==", "user"=>{"name"=>"email blank", "email"=>""}, "commit"=>"Create User"}
  [1m[35m (0.1ms)[0m  [1m[36mbegin transaction[0m
  [1m[35mSQL (0.8ms)[0m  [1m[32mINSERT INTO "users" ("name", "email", "created_at", "updated_at") VALUES (?, ?, ?, ?)[0m  [["name", "email blank"], ["email", ""], ["created_at", "2018-03-14 05:35:09.196977"], ["updated_at", "2018-03-14 05:35:09.196977"]]
  [1m[35m (67.7ms)[0m  [1m[36mcommit transaction[0m
Redirected to http://localhost:3000/users/2
Completed 302 Found in 75ms (ActiveRecord: 68.7ms)


Started GET "/users/2" for 127.0.0.1 at 2018-03-14 14:35:09 +0900
Processing by UsersController#show as HTML
  Parameters: {"id"=>"2"}
  [1m[36mUser Load (0.2ms)[0m  [1m[34mSELECT  "users".* FROM "users" WHERE "users"."id" = ? LIMIT ?[0m  [["id", 2], ["LIMIT", 1]]
  Rendering users/show.html.erb within layouts/application
  Rendered users/show.html.erb within layouts/application (1.1ms)
Completed 200 OK in 43ms (Views: 39.0ms | ActiveRecord: 0.2ms)


Started GET "/users" for 127.0.0.1 at 2018-03-14 14:35:12 +0900
Processing by UsersController#index as HTML
  Rendering users/index.html.erb within layouts/application
  [1m[36mUser Load (0.4ms)[0m  [1m[34mSELECT "users".* FROM "users"[0m
  Rendered users/index.html.erb within layouts/application (7.9ms)
Completed 200 OK in 56ms (Views: 48.4ms | ActiveRecord: 0.4ms)


Started GET "/users/new" for 127.0.0.1 at 2018-03-14 14:35:21 +0900
Processing by UsersController#new as HTML
  Rendering users/new.html.erb within layouts/application
  Rendered users/_form.html.erb (5.4ms)
  Rendered users/new.html.erb within layouts/application (11.3ms)
Completed 200 OK in 54ms (Views: 50.2ms | ActiveRecord: 0.0ms)


Started POST "/users" for 127.0.0.1 at 2018-03-14 14:35:37 +0900
Processing by UsersController#create as HTML
  Parameters: {"utf8"=>"✓", "authenticity_token"=>"9u3Wu5Q0zAyohPMoiDs3WToZoWMXnI+kFqce2OCJXWbVAmPRUplu+wVrRkYan8NErYFp3G6B6uEQLxTyn0ZZYw==", "user"=>{"name"=>"invalid email address", "email"=>"testtesttest"}, "commit"=>"Create User"}
  [1m[35m (0.1ms)[0m  [1m[36mbegin transaction[0m
  [1m[35mSQL (0.7ms)[0m  [1m[32mINSERT INTO "users" ("name", "email", "created_at", "updated_at") VALUES (?, ?, ?, ?)[0m  [["name", "invalid email address"], ["email", "testtesttest"], ["created_at", "2018-03-14 05:35:37.530294"], ["updated_at", "2018-03-14 05:35:37.530294"]]
  [1m[35m (87.1ms)[0m  [1m[36mcommit transaction[0m
Redirected to http://localhost:3000/users/3
Completed 302 Found in 95ms (ActiveRecord: 88.0ms)


Started GET "/users/3" for 127.0.0.1 at 2018-03-14 14:35:37 +0900
Processing by UsersController#show as HTML
  Parameters: {"id"=>"3"}
  [1m[36mUser Load (0.2ms)[0m  [1m[34mSELECT  "users".* FROM "users" WHERE "users"."id" = ? LIMIT ?[0m  [["id", 3], ["LIMIT", 1]]
  Rendering users/show.html.erb within layouts/application
  Rendered users/show.html.erb within layouts/application (1.5ms)
Completed 200 OK in 73ms (Views: 67.7ms | ActiveRecord: 0.2ms)


  [1m[35m (0.3ms)[0m  [1m[34mSELECT "schema_migrations"."version" FROM "schema_migrations" ORDER BY "schema_migrations"."version" ASC[0m
Migrating to CreateMicroposts (20180314061050)
  [1m[35m (0.2ms)[0m  [1m[36mbegin transaction[0m
  [1m[35m (0.2ms)[0m  [1m[34mSELECT sqlite_version(*)[0m
  [1m[35m (0.6ms)[0m  [1m[35mCREATE TABLE "microposts" ("id" INTEGER PRIMARY KEY AUTOINCREMENT NOT NULL, "content" text, "user_id" integer, "created_at" datetime NOT NULL, "updated_at" datetime NOT NULL)[0m
  [1m[35mSQL (0.2ms)[0m  [1m[32mINSERT INTO "schema_migrations" ("version") VALUES (?)[0m  [["version", "20180314061050"]]
  [1m[35m (24.7ms)[0m  [1m[36mcommit transaction[0m
  [1m[36mActiveRecord::InternalMetadata Load (0.3ms)[0m  [1m[34mSELECT  "ar_internal_metadata".* FROM "ar_internal_metadata" WHERE "ar_internal_metadata"."key" = ? LIMIT ?[0m  [["key", "environment"], ["LIMIT", 1]]
  [1m[35m (0.1ms)[0m  [1m[36mbegin transaction[0m
  [1m[35m (0.1ms)[0m  [1m[36mcommit transaction[0m
  [1m[35m (0.2ms)[0m  [1m[34mSELECT "schema_migrations"."version" FROM "schema_migrations" ORDER BY "schema_migrations"."version" ASC[0m
Started GET "/users/3" for 127.0.0.1 at 2018-03-14 15:33:50 +0900
  [1m[35m (0.2ms)[0m  [1m[34mSELECT "schema_migrations"."version" FROM "schema_migrations" ORDER BY "schema_migrations"."version" ASC[0m
Processing by UsersController#show as HTML
  Parameters: {"id"=>"3"}
  [1m[36mUser Load (0.8ms)[0m  [1m[34mSELECT  "users".* FROM "users" WHERE "users"."id" = ? LIMIT ?[0m  [["id", 3], ["LIMIT", 1]]
  Rendering users/show.html.erb within layouts/application
  Rendered users/show.html.erb within layouts/application (10.6ms)
Completed 200 OK in 913ms (Views: 850.9ms | ActiveRecord: 1.8ms)


Started GET "/microposts" for 127.0.0.1 at 2018-03-14 15:33:59 +0900
Processing by MicropostsController#index as HTML
  Rendering microposts/index.html.erb within layouts/application
  [1m[36mMicropost Load (0.2ms)[0m  [1m[34mSELECT "microposts".* FROM "microposts"[0m
  Rendered microposts/index.html.erb within layouts/application (3.0ms)
Completed 200 OK in 71ms (Views: 41.3ms | ActiveRecord: 0.6ms)


Started GET "/microposts/new" for 127.0.0.1 at 2018-03-14 15:34:01 +0900
Processing by MicropostsController#new as HTML
  Rendering microposts/new.html.erb within layouts/application
  Rendered microposts/_form.html.erb (224.0ms)
  Rendered microposts/new.html.erb within layouts/application (228.4ms)
Completed 200 OK in 302ms (Views: 268.5ms | ActiveRecord: 0.4ms)


Started GET "/microposts/new" for 127.0.0.1 at 2018-03-14 15:34:05 +0900
Processing by MicropostsController#new as HTML
  Rendering microposts/new.html.erb within layouts/application
  Rendered microposts/_form.html.erb (4.1ms)
  Rendered microposts/new.html.erb within layouts/application (10.3ms)
Completed 200 OK in 75ms (Views: 70.1ms | ActiveRecord: 0.0ms)


Started POST "/microposts" for 127.0.0.1 at 2018-03-14 15:34:23 +0900
Processing by MicropostsController#create as HTML
  Parameters: {"utf8"=>"✓", "authenticity_token"=>"BkOjmOG8osEY1egjXiioD/oXiqyFSHTcxfjnICG6EQUlKmUVLr+ZQpTxUI0fY3KySbogPIKAs6ugqoptCCzXEw==", "micropost"=>{"content"=>"test", "user_id"=>"1"}, "commit"=>"Create Micropost"}
  [1m[35m (0.1ms)[0m  [1m[36mbegin transaction[0m
  [1m[35mSQL (0.6ms)[0m  [1m[32mINSERT INTO "microposts" ("content", "user_id", "created_at", "updated_at") VALUES (?, ?, ?, ?)[0m  [["content", "test"], ["user_id", 1], ["created_at", "2018-03-14 06:34:23.868662"], ["updated_at", "2018-03-14 06:34:23.868662"]]
  [1m[35m (2.8ms)[0m  [1m[36mcommit transaction[0m
Redirected to http://localhost:3000/microposts/1
Completed 302 Found in 9ms (ActiveRecord: 3.5ms)


Started GET "/microposts/1" for 127.0.0.1 at 2018-03-14 15:34:23 +0900
Processing by MicropostsController#show as HTML
  Parameters: {"id"=>"1"}
  [1m[36mMicropost Load (0.2ms)[0m  [1m[34mSELECT  "microposts".* FROM "microposts" WHERE "microposts"."id" = ? LIMIT ?[0m  [["id", 1], ["LIMIT", 1]]
  Rendering microposts/show.html.erb within layouts/application
  Rendered microposts/show.html.erb within layouts/application (1.7ms)
Completed 200 OK in 48ms (Views: 32.6ms | ActiveRecord: 0.2ms)


Started GET "/microposts/1/edit" for 127.0.0.1 at 2018-03-14 15:52:17 +0900
Processing by MicropostsController#edit as HTML
  Parameters: {"id"=>"1"}
  [1m[36mMicropost Load (1.0ms)[0m  [1m[34mSELECT  "microposts".* FROM "microposts" WHERE "microposts"."id" = ? LIMIT ?[0m  [["id", 1], ["LIMIT", 1]]
  Rendering microposts/edit.html.erb within layouts/application
  Rendered microposts/_form.html.erb (11.3ms)
  Rendered microposts/edit.html.erb within layouts/application (19.6ms)
Completed 200 OK in 397ms (Views: 356.4ms | ActiveRecord: 1.0ms)


Started GET "/microposts" for 127.0.0.1 at 2018-03-14 15:52:19 +0900
Processing by MicropostsController#index as HTML
  Rendering microposts/index.html.erb within layouts/application
  [1m[36mMicropost Load (0.3ms)[0m  [1m[34mSELECT "microposts".* FROM "microposts"[0m
  Rendered microposts/index.html.erb within layouts/application (4.2ms)
Completed 200 OK in 156ms (Views: 60.7ms | ActiveRecord: 0.3ms)


Started GET "/microposts/new" for 127.0.0.1 at 2018-03-14 15:52:21 +0900
Processing by MicropostsController#new as HTML
  Rendering microposts/new.html.erb within layouts/application
  Rendered microposts/_form.html.erb (8.6ms)
  Rendered microposts/new.html.erb within layouts/application (12.8ms)
Completed 200 OK in 139ms (Views: 133.9ms | ActiveRecord: 0.0ms)


Started POST "/microposts" for 127.0.0.1 at 2018-03-14 15:52:25 +0900
Processing by MicropostsController#create as HTML
  Parameters: {"utf8"=>"✓", "authenticity_token"=>"rR2HfzOae8cqDl0sHxcUi/TEe6N5QSyBcV2uPoR3MHuOdEHy/JlARKYq5YJeXM42R2nRM36J6/YUD8NzreH2bQ==", "micropost"=>{"content"=>"Matsumoto has said that Ruby is designed for programmer productivity and fun, following the principles of good user interface design.[80] At a Google Tech Talk in 2008 Matsumoto further stated, \"I hope to see Ruby help every programmer in the world to be productive, and to enjoy programming, and to be happy. That is the primary purpose of Ruby language.\"[81] He stresses that systems design needs to emphasize human, rather than computer, needs:[82]\r\n\r\nOften people, especially computer engineers, focus on the machines. They think, \"By doing this, the machine will run fast. By doing this, the machine will run more effectively. By doing this, the machine will something something something.\" They are focusing on machines. But in fact we need to focus on humans, on how humans care about doing programming or operating the application of the machines. We are the masters. They are the slaves.\r\n\r\nRuby is said to follow the principle of least astonishment (POLA), meaning that the language should behave in such a way as to minimize confusion for experienced users. Matsumoto has said his primary design goal was to make a language that he himself enjoyed using, by minimizing programmer work and possible confusion. He has said that he had not applied the principle of least astonishment to the design of Ruby,[82] but nevertheless the phrase has come to be closely associated with the Ruby programming language. The phrase has itself been a source of surprise, as novice users may take it to mean that Ruby's behaviors try to closely match behaviors familiar from other languages. In a May 2005 discussion on the newsgroup comp.lang.ruby, Matsumoto attempted to distance Ruby from POLA, explaining that because any design choice will be surprising to someone, he uses a personal standard in evaluating surprise. If that personal standard remains consistent, there would be few surprises for those familiar with the standard.[83]", "user_id"=>"1"}, "commit"=>"Create Micropost"}
  [1m[35m (0.2ms)[0m  [1m[36mbegin transaction[0m
  [1m[35mSQL (79.6ms)[0m  [1m[32mINSERT INTO "microposts" ("content", "user_id", "created_at", "updated_at") VALUES (?, ?, ?, ?)[0m  [["content", "Matsumoto has said that Ruby is designed for programmer productivity and fun, following the principles of good user interface design.[80] At a Google Tech Talk in 2008 Matsumoto further stated, \"I hope to see Ruby help every programmer in the world to be productive, and to enjoy programming, and to be happy. That is the primary purpose of Ruby language.\"[81] He stresses that systems design needs to emphasize human, rather than computer, needs:[82]\r\n\r\nOften people, especially computer engineers, focus on the machines. They think, \"By doing this, the machine will run fast. By doing this, the machine will run more effectively. By doing this, the machine will something something something.\" They are focusing on machines. But in fact we need to focus on humans, on how humans care about doing programming or operating the application of the machines. We are the masters. They are the slaves.\r\n\r\nRuby is said to follow the principle of least astonishment (POLA), meaning that the language should behave in such a way as to minimize confusion for experienced users. Matsumoto has said his primary design goal was to make a language that he himself enjoyed using, by minimizing programmer work and possible confusion. He has said that he had not applied the principle of least astonishment to the design of Ruby,[82] but nevertheless the phrase has come to be closely associated with the Ruby programming language. The phrase has itself been a source of surprise, as novice users may take it to mean that Ruby's behaviors try to closely match behaviors familiar from other languages. In a May 2005 discussion on the newsgroup comp.lang.ruby, Matsumoto attempted to distance Ruby from POLA, explaining that because any design choice will be surprising to someone, he uses a personal standard in evaluating surprise. If that personal standard remains consistent, there would be few surprises for those familiar with the standard.[83]"], ["user_id", 1], ["created_at", "2018-03-14 06:52:25.527089"], ["updated_at", "2018-03-14 06:52:25.527089"]]
  [1m[35m (58.8ms)[0m  [1m[36mcommit transaction[0m
Redirected to http://localhost:3000/microposts/2
Completed 302 Found in 147ms (ActiveRecord: 138.5ms)


Started GET "/microposts/2" for 127.0.0.1 at 2018-03-14 15:52:25 +0900
Processing by MicropostsController#show as HTML
  Parameters: {"id"=>"2"}
  [1m[36mMicropost Load (0.4ms)[0m  [1m[34mSELECT  "microposts".* FROM "microposts" WHERE "microposts"."id" = ? LIMIT ?[0m  [["id", 2], ["LIMIT", 1]]
  Rendering microposts/show.html.erb within layouts/application
  Rendered microposts/show.html.erb within layouts/application (1.4ms)
Completed 200 OK in 61ms (Views: 40.4ms | ActiveRecord: 0.4ms)


Started GET "/microposts" for 127.0.0.1 at 2018-03-14 15:52:28 +0900
Processing by MicropostsController#index as HTML
  Rendering microposts/index.html.erb within layouts/application
  [1m[36mMicropost Load (0.6ms)[0m  [1m[34mSELECT "microposts".* FROM "microposts"[0m
  Rendered microposts/index.html.erb within layouts/application (4.9ms)
Completed 200 OK in 65ms (Views: 61.9ms | ActiveRecord: 0.6ms)


Started GET "/microposts" for 127.0.0.1 at 2018-03-14 15:53:38 +0900
Processing by MicropostsController#index as HTML
Completed 500 Internal Server Error in 9ms


  
ArgumentError (Range unspecified. Specify the :in, :within, :maximum, :minimum, or :is option.):
  
app/models/micropost.rb:2:in `<class:Micropost>'
app/models/micropost.rb:1:in `<top (required)>'
app/controllers/microposts_controller.rb:7:in `index'
Started GET "/microposts" for 127.0.0.1 at 2018-03-14 15:53:50 +0900
Processing by MicropostsController#index as HTML
  Rendering microposts/index.html.erb within layouts/application
  [1m[36mMicropost Load (1.2ms)[0m  [1m[34mSELECT "microposts".* FROM "microposts"[0m
  Rendered microposts/index.html.erb within layouts/application (32.8ms)
Completed 200 OK in 151ms (Views: 139.4ms | ActiveRecord: 3.0ms)


Started GET "/microposts/new" for 127.0.0.1 at 2018-03-14 15:53:53 +0900
Processing by MicropostsController#new as HTML
  Rendering microposts/new.html.erb within layouts/application
  Rendered microposts/_form.html.erb (2.5ms)
  Rendered microposts/new.html.erb within layouts/application (11.0ms)
Completed 200 OK in 127ms (Views: 49.1ms | ActiveRecord: 0.0ms)


Started POST "/microposts" for 127.0.0.1 at 2018-03-14 15:53:58 +0900
Processing by MicropostsController#create as HTML
  Parameters: {"utf8"=>"✓", "authenticity_token"=>"JUYheAKyXxN/KYImuIvsWBGRKIToJ3FWf92J0grOFEkGL+f1zbFkkPMNOoj5wDblojyCFO/vtiEaj+SfI1jSXw==", "micropost"=>{"content"=>"Matsumoto has said that Ruby is designed for programmer productivity and fun, following the principles of good user interface design.[80] At a Google Tech Talk in 2008 Matsumoto further stated, \"I hope to see Ruby help every programmer in the world to be productive, and to enjoy programming, and to be happy. That is the primary purpose of Ruby language.\"[81] He stresses that systems design needs to emphasize human, rather than computer, needs:[82]\r\n\r\nOften people, especially computer engineers, focus on the machines. They think, \"By doing this, the machine will run fast. By doing this, the machine will run more effectively. By doing this, the machine will something something something.\" They are focusing on machines. But in fact we need to focus on humans, on how humans care about doing programming or operating the application of the machines. We are the masters. They are the slaves.\r\n\r\nRuby is said to follow the principle of least astonishment (POLA), meaning that the language should behave in such a way as to minimize confusion for experienced users. Matsumoto has said his primary design goal was to make a language that he himself enjoyed using, by minimizing programmer work and possible confusion. He has said that he had not applied the principle of least astonishment to the design of Ruby,[82] but nevertheless the phrase has come to be closely associated with the Ruby programming language. The phrase has itself been a source of surprise, as novice users may take it to mean that Ruby's behaviors try to closely match behaviors familiar from other languages. In a May 2005 discussion on the newsgroup comp.lang.ruby, Matsumoto attempted to distance Ruby from POLA, explaining that because any design choice will be surprising to someone, he uses a personal standard in evaluating surprise. If that personal standard remains consistent, there would be few surprises for those familiar with the standard.[83]", "user_id"=>"1"}, "commit"=>"Create Micropost"}
  [1m[35m (0.2ms)[0m  [1m[36mbegin transaction[0m
  [1m[35m (0.1ms)[0m  [1m[31mrollback transaction[0m
  Rendering microposts/new.html.erb within layouts/application
  Rendered microposts/_form.html.erb (4.2ms)
  Rendered microposts/new.html.erb within layouts/application (9.2ms)
Completed 200 OK in 57ms (Views: 52.1ms | ActiveRecord: 0.3ms)


Started GET "/microposts" for 127.0.0.1 at 2018-03-14 15:54:09 +0900
Processing by MicropostsController#index as HTML
  Rendering microposts/index.html.erb within layouts/application
  [1m[36mMicropost Load (0.2ms)[0m  [1m[34mSELECT "microposts".* FROM "microposts"[0m
  Rendered microposts/index.html.erb within layouts/application (2.8ms)
Completed 200 OK in 70ms (Views: 46.8ms | ActiveRecord: 0.2ms)


Started GET "/microposts/new" for 127.0.0.1 at 2018-03-14 15:54:11 +0900
Processing by MicropostsController#new as HTML
  Rendering microposts/new.html.erb within layouts/application
  Rendered microposts/_form.html.erb (3.6ms)
  Rendered microposts/new.html.erb within layouts/application (12.3ms)
Completed 200 OK in 174ms (Views: 61.6ms | ActiveRecord: 0.0ms)


Started POST "/microposts" for 127.0.0.1 at 2018-03-14 15:54:15 +0900
Processing by MicropostsController#create as HTML
  Parameters: {"utf8"=>"✓", "authenticity_token"=>"SlLt7WuYK6JTy3OPysh1mi83McFSQtY+CYw+kNth7NJpOytgpJsQId/vyyGLg68nnJqbUVWKEUls3lPd8vcqxA==", "micropost"=>{"content"=>"asetasdfase", "user_id"=>"1"}, "commit"=>"Create Micropost"}
  [1m[35m (0.1ms)[0m  [1m[36mbegin transaction[0m
  [1m[35mSQL (22.3ms)[0m  [1m[32mINSERT INTO "microposts" ("content", "user_id", "created_at", "updated_at") VALUES (?, ?, ?, ?)[0m  [["content", "asetasdfase"], ["user_id", 1], ["created_at", "2018-03-14 06:54:15.438635"], ["updated_at", "2018-03-14 06:54:15.438635"]]
  [1m[35m (16.9ms)[0m  [1m[36mcommit transaction[0m
Redirected to http://localhost:3000/microposts/3
Completed 302 Found in 45ms (ActiveRecord: 39.3ms)


Started GET "/microposts/3" for 127.0.0.1 at 2018-03-14 15:54:15 +0900
Processing by MicropostsController#show as HTML
  Parameters: {"id"=>"3"}
  [1m[36mMicropost Load (0.3ms)[0m  [1m[34mSELECT  "microposts".* FROM "microposts" WHERE "microposts"."id" = ? LIMIT ?[0m  [["id", 3], ["LIMIT", 1]]
  Rendering microposts/show.html.erb within layouts/application
  Rendered microposts/show.html.erb within layouts/application (1.3ms)
Completed 200 OK in 80ms (Views: 50.8ms | ActiveRecord: 0.3ms)


Started GET "/microposts" for 127.0.0.1 at 2018-03-14 15:54:17 +0900
Processing by MicropostsController#index as HTML
  Rendering microposts/index.html.erb within layouts/application
  [1m[36mMicropost Load (0.3ms)[0m  [1m[34mSELECT "microposts".* FROM "microposts"[0m
  Rendered microposts/index.html.erb within layouts/application (5.5ms)
Completed 200 OK in 101ms (Views: 96.0ms | ActiveRecord: 0.3ms)


Started DELETE "/microposts/2" for 127.0.0.1 at 2018-03-14 15:54:20 +0900
Processing by MicropostsController#destroy as HTML
  Parameters: {"authenticity_token"=>"1cPte9ne1BOGihUzoluHcLrugJHleRL1Amk0su4gjJGXj2TYH7OUXLDIESyXIgQpPvRnTrBhMZSIl3faXcRbyg==", "id"=>"2"}
  [1m[36mMicropost Load (0.3ms)[0m  [1m[34mSELECT  "microposts".* FROM "microposts" WHERE "microposts"."id" = ? LIMIT ?[0m  [["id", 2], ["LIMIT", 1]]
  [1m[35m (0.1ms)[0m  [1m[36mbegin transaction[0m
  [1m[35mSQL (19.2ms)[0m  [1m[31mDELETE FROM "microposts" WHERE "microposts"."id" = ?[0m  [["id", 2]]
  [1m[35m (29.8ms)[0m  [1m[36mcommit transaction[0m
Redirected to http://localhost:3000/microposts
Completed 302 Found in 54ms (ActiveRecord: 49.4ms)


Started GET "/microposts" for 127.0.0.1 at 2018-03-14 15:54:20 +0900
Processing by MicropostsController#index as HTML
  Rendering microposts/index.html.erb within layouts/application
  [1m[36mMicropost Load (0.2ms)[0m  [1m[34mSELECT "microposts".* FROM "microposts"[0m
  Rendered microposts/index.html.erb within layouts/application (3.1ms)
Completed 200 OK in 60ms (Views: 50.6ms | ActiveRecord: 0.2ms)


  [1m[36mUser Load (1.2ms)[0m  [1m[34mSELECT  "users".* FROM "users" ORDER BY "users"."id" ASC LIMIT ?[0m  [["LIMIT", 1]]
  [1m[36mMicropost Load (0.2ms)[0m  [1m[34mSELECT  "microposts".* FROM "microposts" WHERE "microposts"."user_id" = ? LIMIT ?[0m  [["user_id", 1], ["LIMIT", 11]]
  [1m[36mMicropost Load (0.3ms)[0m  [1m[34mSELECT  "microposts".* FROM "microposts" WHERE "microposts"."user_id" = ? ORDER BY "microposts"."id" ASC LIMIT ?[0m  [["user_id", 1], ["LIMIT", 1]]
Started GET "/microposts" for 127.0.0.1 at 2018-03-14 20:04:54 +0900
  [1m[35m (0.4ms)[0m  [1m[34mSELECT "schema_migrations"."version" FROM "schema_migrations" ORDER BY "schema_migrations"."version" ASC[0m
Processing by MicropostsController#index as HTML
  Rendering microposts/index.html.erb within layouts/application
  [1m[36mMicropost Load (27.0ms)[0m  [1m[34mSELECT "microposts".* FROM "microposts"[0m
  Rendered microposts/index.html.erb within layouts/application (93.1ms)
Completed 200 OK in 862ms (Views: 725.2ms | ActiveRecord: 30.2ms)


Started GET "/" for 127.0.0.1 at 2018-03-14 20:04:58 +0900
Processing by UsersController#index as HTML
  Rendering users/index.html.erb within layouts/application
  [1m[36mUser Load (0.4ms)[0m  [1m[34mSELECT "users".* FROM "users"[0m
  Rendered users/index.html.erb within layouts/application (21.2ms)
Completed 200 OK in 287ms (Views: 101.8ms | ActiveRecord: 1.8ms)


Started GET "/users/1" for 127.0.0.1 at 2018-03-14 20:05:03 +0900
Processing by UsersController#show as HTML
  Parameters: {"id"=>"1"}
  [1m[36mUser Load (0.5ms)[0m  [1m[34mSELECT  "users".* FROM "users" WHERE "users"."id" = ? LIMIT ?[0m  [["id", 1], ["LIMIT", 1]]
Completed 500 Internal Server Error in 162ms (ActiveRecord: 0.5ms)


  
NameError (undefined local variable or method `user_id' for #<UsersController:0x00007f9bfdbecf30>):
  
app/controllers/users_controller.rb:13:in `show'
Started GET "/users/1" for 127.0.0.1 at 2018-03-14 20:05:29 +0900
Processing by UsersController#show as HTML
  Parameters: {"id"=>"1"}
  [1m[36mUser Load (0.3ms)[0m  [1m[34mSELECT  "users".* FROM "users" WHERE "users"."id" = ? LIMIT ?[0m  [["id", 1], ["LIMIT", 1]]
Completed 500 Internal Server Error in 166ms (ActiveRecord: 2.6ms)


  
NameError (undefined local variable or method `user' for #<UsersController:0x00007f9bff29f4f8>):
  
app/controllers/users_controller.rb:13:in `show'
Started PUT "/__web_console/repl_sessions/e9d891b41c94c44051e371c8dbf7e79f" for 127.0.0.1 at 2018-03-14 20:05:36 +0900
Started PUT "/__web_console/repl_sessions/e9d891b41c94c44051e371c8dbf7e79f" for 127.0.0.1 at 2018-03-14 20:05:36 +0900
Started PUT "/__web_console/repl_sessions/e9d891b41c94c44051e371c8dbf7e79f" for 127.0.0.1 at 2018-03-14 20:05:39 +0900
Started GET "/users/1" for 127.0.0.1 at 2018-03-14 20:07:06 +0900
  [1m[35m (0.3ms)[0m  [1m[34mSELECT "schema_migrations"."version" FROM "schema_migrations" ORDER BY "schema_migrations"."version" ASC[0m
Processing by UsersController#show as HTML
  Parameters: {"id"=>"1"}
  [1m[36mUser Load (17.7ms)[0m  [1m[34mSELECT  "users".* FROM "users" WHERE "users"."id" = ? LIMIT ?[0m  [["id", 1], ["LIMIT", 1]]
Completed 500 Internal Server Error in 328ms (ActiveRecord: 19.0ms)


  
NameError (undefined local variable or method `id' for #<UsersController:0x00007fce518e61c0>):
  
app/controllers/users_controller.rb:13:in `show'
Started GET "/users/1" for 127.0.0.1 at 2018-03-14 20:07:22 +0900
Processing by UsersController#show as HTML
  Parameters: {"id"=>"1"}
  [1m[36mUser Load (0.1ms)[0m  [1m[34mSELECT  "users".* FROM "users" WHERE "users"."id" = ? LIMIT ?[0m  [["id", 1], ["LIMIT", 1]]
  Rendering users/show.html.erb within layouts/application
  Rendered users/show.html.erb within layouts/application (1.5ms)
Completed 200 OK in 875ms (Views: 786.6ms | ActiveRecord: 12.5ms)


Started GET "/users/1" for 127.0.0.1 at 2018-03-14 20:07:59 +0900
Processing by UsersController#show as HTML
  Parameters: {"id"=>"1"}
  [1m[36mUser Load (0.3ms)[0m  [1m[34mSELECT  "users".* FROM "users" WHERE "users"."id" = ? LIMIT ?[0m  [["id", 1], ["LIMIT", 1]]
  Rendering users/show.html.erb within layouts/application
  Rendered users/show.html.erb within layouts/application (1.4ms)
Completed 200 OK in 300ms (Views: 254.7ms | ActiveRecord: 2.4ms)


Started GET "/users/1" for 127.0.0.1 at 2018-03-14 20:10:10 +0900
Processing by UsersController#show as HTML
  Parameters: {"id"=>"1"}
  [1m[36mUser Load (0.2ms)[0m  [1m[34mSELECT  "users".* FROM "users" WHERE "users"."id" = ? LIMIT ?[0m  [["id", 1], ["LIMIT", 1]]
  [1m[36mMicropost Load (0.2ms)[0m  [1m[34mSELECT  "microposts".* FROM "microposts" WHERE "microposts"."user_id" = ? ORDER BY "microposts"."id" ASC LIMIT ?[0m  [["user_id", 1], ["LIMIT", 1]]
  Rendering users/show.html.erb within layouts/application
  Rendered users/show.html.erb within layouts/application (1.2ms)
Completed 200 OK in 372ms (Views: 145.9ms | ActiveRecord: 2.6ms)


Started GET "/users/1" for 127.0.0.1 at 2018-03-14 20:10:50 +0900
Processing by UsersController#show as HTML
  Parameters: {"id"=>"1"}
  [1m[36mUser Load (0.5ms)[0m  [1m[34mSELECT  "users".* FROM "users" WHERE "users"."id" = ? LIMIT ?[0m  [["id", 1], ["LIMIT", 1]]
  [1m[36mMicropost Load (0.2ms)[0m  [1m[34mSELECT  "microposts".* FROM "microposts" WHERE "microposts"."user_id" = ? ORDER BY "microposts"."id" ASC LIMIT ?[0m  [["user_id", 1], ["LIMIT", 1]]
  Rendering users/show.html.erb within layouts/application
  Rendered users/show.html.erb within layouts/application (2.1ms)
Completed 200 OK in 185ms (Views: 134.9ms | ActiveRecord: 3.2ms)


Started GET "/users/1" for 127.0.0.1 at 2018-03-14 20:11:06 +0900
Processing by UsersController#show as HTML
  Parameters: {"id"=>"1"}
  [1m[36mUser Load (0.3ms)[0m  [1m[34mSELECT  "users".* FROM "users" WHERE "users"."id" = ? LIMIT ?[0m  [["id", 1], ["LIMIT", 1]]
  [1m[36mMicropost Load (0.3ms)[0m  [1m[34mSELECT  "microposts".* FROM "microposts" WHERE "microposts"."user_id" = ? ORDER BY "microposts"."id" ASC LIMIT ?[0m  [["user_id", 1], ["LIMIT", 1]]
  Rendering users/show.html.erb within layouts/application
  Rendered users/show.html.erb within layouts/application (1.8ms)
Completed 200 OK in 197ms (Views: 186.8ms | ActiveRecord: 0.6ms)


Started GET "/users/1" for 127.0.0.1 at 2018-03-14 20:12:07 +0900
Processing by UsersController#show as HTML
  Parameters: {"id"=>"1"}
  [1m[36mUser Load (0.2ms)[0m  [1m[34mSELECT  "users".* FROM "users" WHERE "users"."id" = ? LIMIT ?[0m  [["id", 1], ["LIMIT", 1]]
  [1m[36mMicropost Load (0.4ms)[0m  [1m[34mSELECT  "microposts".* FROM "microposts" WHERE "microposts"."user_id" = ? ORDER BY "microposts"."id" ASC LIMIT ?[0m  [["user_id", 1], ["LIMIT", 1]]
  Rendering users/show.html.erb within layouts/application
  Rendered users/show.html.erb within layouts/application (1.4ms)
Completed 200 OK in 209ms (Views: 159.8ms | ActiveRecord: 4.1ms)


Started GET "/users" for 127.0.0.1 at 2018-03-14 20:12:09 +0900
Processing by UsersController#index as HTML
  Rendering users/index.html.erb within layouts/application
  [1m[36mUser Load (0.2ms)[0m  [1m[34mSELECT "users".* FROM "users"[0m
  Rendered users/index.html.erb within layouts/application (4.7ms)
Completed 200 OK in 124ms (Views: 54.3ms | ActiveRecord: 0.2ms)


Started GET "/microposts" for 127.0.0.1 at 2018-03-14 20:12:13 +0900
Processing by MicropostsController#index as HTML
  Rendering microposts/index.html.erb within layouts/application
  [1m[36mMicropost Load (0.2ms)[0m  [1m[34mSELECT "microposts".* FROM "microposts"[0m
  Rendered microposts/index.html.erb within layouts/application (3.2ms)
Completed 200 OK in 54ms (Views: 41.8ms | ActiveRecord: 0.2ms)


Started GET "/microposts/new" for 127.0.0.1 at 2018-03-14 20:12:15 +0900
Processing by MicropostsController#new as HTML
  Rendering microposts/new.html.erb within layouts/application
  Rendered microposts/_form.html.erb (98.2ms)
  Rendered microposts/new.html.erb within layouts/application (103.9ms)
Completed 200 OK in 163ms (Views: 143.0ms | ActiveRecord: 0.0ms)


Started POST "/microposts" for 127.0.0.1 at 2018-03-14 20:12:17 +0900
Processing by MicropostsController#create as HTML
  Parameters: {"utf8"=>"✓", "authenticity_token"=>"7s8RzGrJ3fFW/YTwA61+ZgsenBx0QRMANa7wKX5UK2TNptdBpcrmctrZPF5C5qTbuLM2jHOJ1HdQ/J1kV8Ltcg==", "micropost"=>{"content"=>"", "user_id"=>""}, "commit"=>"Create Micropost"}
  [1m[35m (0.1ms)[0m  [1m[36mbegin transaction[0m
  [1m[35m (0.1ms)[0m  [1m[31mrollback transaction[0m
  Rendering microposts/new.html.erb within layouts/application
  Rendered microposts/_form.html.erb (4.3ms)
  Rendered microposts/new.html.erb within layouts/application (8.4ms)
Completed 200 OK in 86ms (Views: 45.1ms | ActiveRecord: 0.2ms)


Started POST "/microposts" for 127.0.0.1 at 2018-03-14 20:12:26 +0900
Processing by MicropostsController#create as HTML
  Parameters: {"utf8"=>"✓", "authenticity_token"=>"f19TfYTJhvpOArdeZoLpV+RDVqpJOG1wWhPp8GvTp149E9reQqTGtXhAs0FT+2oOYFmxdRwgThHQ7aqY2DdwBQ==", "micropost"=>{"content"=>"testtesttest", "user_id"=>"1"}, "commit"=>"Create Micropost"}
  [1m[35m (0.1ms)[0m  [1m[36mbegin transaction[0m
  [1m[36mUser Load (0.3ms)[0m  [1m[34mSELECT  "users".* FROM "users" WHERE "users"."id" = ? LIMIT ?[0m  [["id", 1], ["LIMIT", 1]]
  [1m[35mSQL (30.8ms)[0m  [1m[32mINSERT INTO "microposts" ("content", "user_id", "created_at", "updated_at") VALUES (?, ?, ?, ?)[0m  [["content", "testtesttest"], ["user_id", 1], ["created_at", "2018-03-14 11:12:26.568233"], ["updated_at", "2018-03-14 11:12:26.568233"]]
  [1m[35m (3.4ms)[0m  [1m[36mcommit transaction[0m
Redirected to http://localhost:3000/microposts/4
Completed 302 Found in 77ms (ActiveRecord: 34.6ms)


Started GET "/microposts/4" for 127.0.0.1 at 2018-03-14 20:12:26 +0900
Processing by MicropostsController#show as HTML
  Parameters: {"id"=>"4"}
  [1m[36mMicropost Load (0.3ms)[0m  [1m[34mSELECT  "microposts".* FROM "microposts" WHERE "microposts"."id" = ? LIMIT ?[0m  [["id", 4], ["LIMIT", 1]]
  Rendering microposts/show.html.erb within layouts/application
  Rendered microposts/show.html.erb within layouts/application (1.0ms)
Completed 200 OK in 116ms (Views: 74.8ms | ActiveRecord: 0.3ms)


Started GET "/microposts" for 127.0.0.1 at 2018-03-14 20:12:28 +0900
Processing by MicropostsController#index as HTML
  Rendering microposts/index.html.erb within layouts/application
  [1m[36mMicropost Load (0.4ms)[0m  [1m[34mSELECT "microposts".* FROM "microposts"[0m
  Rendered microposts/index.html.erb within layouts/application (4.5ms)
Completed 200 OK in 137ms (Views: 53.0ms | ActiveRecord: 0.4ms)


Started GET "/%60" for 127.0.0.1 at 2018-03-14 20:12:31 +0900
  
ActionController::RoutingError (No route matches [GET] "/%60"):
  
vendor/bundle/ruby/2.3.0/gems/actionpack-5.1.4/lib/action_dispatch/middleware/debug_exceptions.rb:63:in `call'
vendor/bundle/ruby/2.3.0/gems/web-console-3.5.1/lib/web_console/middleware.rb:135:in `call_app'
vendor/bundle/ruby/2.3.0/gems/web-console-3.5.1/lib/web_console/middleware.rb:28:in `block in call'
vendor/bundle/ruby/2.3.0/gems/web-console-3.5.1/lib/web_console/middleware.rb:18:in `catch'
vendor/bundle/ruby/2.3.0/gems/web-console-3.5.1/lib/web_console/middleware.rb:18:in `call'
vendor/bundle/ruby/2.3.0/gems/actionpack-5.1.4/lib/action_dispatch/middleware/show_exceptions.rb:31:in `call'
vendor/bundle/ruby/2.3.0/gems/railties-5.1.4/lib/rails/rack/logger.rb:36:in `call_app'
vendor/bundle/ruby/2.3.0/gems/railties-5.1.4/lib/rails/rack/logger.rb:24:in `block in call'
vendor/bundle/ruby/2.3.0/gems/activesupport-5.1.4/lib/active_support/tagged_logging.rb:69:in `block in tagged'
vendor/bundle/ruby/2.3.0/gems/activesupport-5.1.4/lib/active_support/tagged_logging.rb:26:in `tagged'
vendor/bundle/ruby/2.3.0/gems/activesupport-5.1.4/lib/active_support/tagged_logging.rb:69:in `tagged'
vendor/bundle/ruby/2.3.0/gems/railties-5.1.4/lib/rails/rack/logger.rb:24:in `call'
vendor/bundle/ruby/2.3.0/gems/sprockets-rails-3.2.1/lib/sprockets/rails/quiet_assets.rb:13:in `call'
vendor/bundle/ruby/2.3.0/gems/actionpack-5.1.4/lib/action_dispatch/middleware/remote_ip.rb:79:in `call'
vendor/bundle/ruby/2.3.0/gems/actionpack-5.1.4/lib/action_dispatch/middleware/request_id.rb:25:in `call'
vendor/bundle/ruby/2.3.0/gems/rack-2.0.4/lib/rack/method_override.rb:22:in `call'
vendor/bundle/ruby/2.3.0/gems/rack-2.0.4/lib/rack/runtime.rb:22:in `call'
vendor/bundle/ruby/2.3.0/gems/activesupport-5.1.4/lib/active_support/cache/strategy/local_cache_middleware.rb:27:in `call'
vendor/bundle/ruby/2.3.0/gems/actionpack-5.1.4/lib/action_dispatch/middleware/executor.rb:12:in `call'
vendor/bundle/ruby/2.3.0/gems/actionpack-5.1.4/lib/action_dispatch/middleware/static.rb:125:in `call'
vendor/bundle/ruby/2.3.0/gems/rack-2.0.4/lib/rack/sendfile.rb:111:in `call'
vendor/bundle/ruby/2.3.0/gems/railties-5.1.4/lib/rails/engine.rb:522:in `call'
vendor/bundle/ruby/2.3.0/gems/puma-3.9.1/lib/puma/configuration.rb:224:in `call'
vendor/bundle/ruby/2.3.0/gems/puma-3.9.1/lib/puma/server.rb:602:in `handle_request'
vendor/bundle/ruby/2.3.0/gems/puma-3.9.1/lib/puma/server.rb:435:in `process_client'
vendor/bundle/ruby/2.3.0/gems/puma-3.9.1/lib/puma/server.rb:299:in `block in run'
vendor/bundle/ruby/2.3.0/gems/puma-3.9.1/lib/puma/thread_pool.rb:120:in `block in spawn_thread'
Started GET "/" for 127.0.0.1 at 2018-03-14 20:12:36 +0900
Processing by UsersController#index as HTML
  Rendering users/index.html.erb within layouts/application
  [1m[36mUser Load (0.4ms)[0m  [1m[34mSELECT "users".* FROM "users"[0m
  Rendered users/index.html.erb within layouts/application (3.6ms)
Completed 200 OK in 69ms (Views: 37.9ms | ActiveRecord: 0.4ms)


Started GET "/" for 127.0.0.1 at 2018-03-14 20:13:46 +0900
Processing by UsersController#index as HTML
  Rendering users/index.html.erb within layouts/application
  [1m[36mUser Load (0.3ms)[0m  [1m[34mSELECT "users".* FROM "users"[0m
  Rendered users/index.html.erb within layouts/application (14.8ms)
Completed 200 OK in 164ms (Views: 143.9ms | ActiveRecord: 1.7ms)


Started GET "/users/new" for 127.0.0.1 at 2018-03-14 20:13:48 +0900
Processing by UsersController#new as HTML
  Rendering users/new.html.erb within layouts/application
  Rendered users/_form.html.erb (5.0ms)
  Rendered users/new.html.erb within layouts/application (12.5ms)
Completed 200 OK in 94ms (Views: 68.4ms | ActiveRecord: 0.0ms)


Started POST "/users" for 127.0.0.1 at 2018-03-14 20:13:49 +0900
Processing by UsersController#create as HTML
  Parameters: {"utf8"=>"✓", "authenticity_token"=>"Qb0NU1r++Z+RU369XWg73VNJND3uubQy9fa2m4QQTTBiUrg5nFNbaDy8y9PPzM/AxNH8gpek0Xfzfryx+99JNQ==", "user"=>{"name"=>"", "email"=>""}, "commit"=>"Create User"}
  [1m[35m (0.1ms)[0m  [1m[36mbegin transaction[0m
  [1m[35m (0.1ms)[0m  [1m[31mrollback transaction[0m
  Rendering users/new.html.erb within layouts/application
  Rendered users/_form.html.erb (5.5ms)
  Rendered users/new.html.erb within layouts/application (10.0ms)
Completed 200 OK in 64ms (Views: 56.8ms | ActiveRecord: 0.2ms)


